<?xml version="1.0" encoding="UTF-8"?>
<!-- Generated by org.testng.reporters.JUnitXMLReporter -->
<testsuite ignored="0" hostname="SuRaj" failures="0" tests="3" name="FireFox" time="0.161" errors="0" timestamp="2023-01-17T13:26:37 IST">
  <testcase classname="utility.TestBase" name="@BeforeMethod setUp" time="0.099">
    <failure type="java.lang.IllegalStateException" message="The driver executable must exist: C:\Users\Suraj Ramteke\eclipse-workspace\suraj\letcode\.\Drivers\gekcodriver.exe">
      <![CDATA[java.lang.IllegalStateException: The driver executable must exist: C:\Users\Suraj Ramteke\eclipse-workspace\suraj\letcode\.\Drivers\gekcodriver.exe
at org.openqa.selenium.internal.Require$FileStateChecker.isFile(Require.java:342)
at org.openqa.selenium.remote.service.DriverService.checkExecutable(DriverService.java:147)
at org.openqa.selenium.remote.service.DriverService.findExecutable(DriverService.java:142)
at org.openqa.selenium.firefox.GeckoDriverService.access$100(GeckoDriverService.java:44)
at org.openqa.selenium.firefox.GeckoDriverService$Builder.findDefaultExecutable(GeckoDriverService.java:185)
at org.openqa.selenium.remote.service.DriverService$Builder.build(DriverService.java:437)
at org.openqa.selenium.firefox.FirefoxDriver.toExecutor(FirefoxDriver.java:176)
at org.openqa.selenium.firefox.FirefoxDriver.<init>(FirefoxDriver.java:125)
at org.openqa.selenium.firefox.FirefoxDriver.<init>(FirefoxDriver.java:106)
at utility.TestBase.setUp(TestBase.java:39)
at java.base/java.util.concurrent.ThreadPoolExecutor.runWorker(ThreadPoolExecutor.java:1136)
at java.base/java.util.concurrent.ThreadPoolExecutor$Worker.run(ThreadPoolExecutor.java:635)
at java.base/java.lang.Thread.run(Thread.java:833)
... Removed 14 stack frames]]>
    </failure>
  </testcase> <!-- @BeforeMethod setUp -->
  <testcase classname="utility.TestBase" name="@BeforeMethod setUp" time="0.099">
    <failure type="java.lang.IllegalStateException" message="The driver executable must exist: C:\Users\Suraj Ramteke\eclipse-workspace\suraj\letcode\.\Drivers\gekcodriver.exe">
      <![CDATA[java.lang.IllegalStateException: The driver executable must exist: C:\Users\Suraj Ramteke\eclipse-workspace\suraj\letcode\.\Drivers\gekcodriver.exe
at org.openqa.selenium.internal.Require$FileStateChecker.isFile(Require.java:342)
at org.openqa.selenium.remote.service.DriverService.checkExecutable(DriverService.java:147)
at org.openqa.selenium.remote.service.DriverService.findExecutable(DriverService.java:142)
at org.openqa.selenium.firefox.GeckoDriverService.access$100(GeckoDriverService.java:44)
at org.openqa.selenium.firefox.GeckoDriverService$Builder.findDefaultExecutable(GeckoDriverService.java:185)
at org.openqa.selenium.remote.service.DriverService$Builder.build(DriverService.java:437)
at org.openqa.selenium.firefox.FirefoxDriver.toExecutor(FirefoxDriver.java:176)
at org.openqa.selenium.firefox.FirefoxDriver.<init>(FirefoxDriver.java:125)
at org.openqa.selenium.firefox.FirefoxDriver.<init>(FirefoxDriver.java:106)
at utility.TestBase.setUp(TestBase.java:39)
at java.base/java.util.concurrent.ThreadPoolExecutor.runWorker(ThreadPoolExecutor.java:1136)
at java.base/java.util.concurrent.ThreadPoolExecutor$Worker.run(ThreadPoolExecutor.java:635)
at java.base/java.lang.Thread.run(Thread.java:833)
... Removed 14 stack frames]]>
    </failure>
  </testcase> <!-- @BeforeMethod setUp -->
  <testcase classname="utility.TestBase" name="@BeforeMethod setUp" time="0.099">
    <failure type="java.lang.IllegalStateException" message="The driver executable must exist: C:\Users\Suraj Ramteke\eclipse-workspace\suraj\letcode\.\Drivers\gekcodriver.exe">
      <![CDATA[java.lang.IllegalStateException: The driver executable must exist: C:\Users\Suraj Ramteke\eclipse-workspace\suraj\letcode\.\Drivers\gekcodriver.exe
at org.openqa.selenium.internal.Require$FileStateChecker.isFile(Require.java:342)
at org.openqa.selenium.remote.service.DriverService.checkExecutable(DriverService.java:147)
at org.openqa.selenium.remote.service.DriverService.findExecutable(DriverService.java:142)
at org.openqa.selenium.firefox.GeckoDriverService.access$100(GeckoDriverService.java:44)
at org.openqa.selenium.firefox.GeckoDriverService$Builder.findDefaultExecutable(GeckoDriverService.java:185)
at org.openqa.selenium.remote.service.DriverService$Builder.build(DriverService.java:437)
at org.openqa.selenium.firefox.FirefoxDriver.toExecutor(FirefoxDriver.java:176)
at org.openqa.selenium.firefox.FirefoxDriver.<init>(FirefoxDriver.java:125)
at org.openqa.selenium.firefox.FirefoxDriver.<init>(FirefoxDriver.java:106)
at utility.TestBase.setUp(TestBase.java:39)
at java.base/java.util.concurrent.ThreadPoolExecutor.runWorker(ThreadPoolExecutor.java:1136)
at java.base/java.util.concurrent.ThreadPoolExecutor$Worker.run(ThreadPoolExecutor.java:635)
at java.base/java.lang.Thread.run(Thread.java:833)
... Removed 14 stack frames]]>
    </failure>
  </testcase> <!-- @BeforeMethod setUp -->
  <testcase classname="utility.TestBase" name="@AfterMethod tearDown" time="-1.673942197392E9">
    <skipped/>
  </testcase> <!-- @AfterMethod tearDown -->
  <testcase classname="utility.TestBase" name="@AfterMethod tearDown" time="-1.673942197394E9">
    <skipped/>
  </testcase> <!-- @AfterMethod tearDown -->
  <testcase classname="utility.TestBase" name="@AfterMethod tearDown" time="-1.673942197395E9">
    <skipped/>
  </testcase> <!-- @AfterMethod tearDown -->
  <testcase classname="test.WorkSpace_Lebel_Display" name="CheckworkSpaceLabel" time="0.0">
    <skipped/>
  </testcase> <!-- CheckworkSpaceLabel -->
  <testcase classname="test.LoginPage_Test" name="checkLoginPage" time="0.0">
    <skipped/>
  </testcase> <!-- checkLoginPage -->
  <testcase classname="test.Workspace_Lebel" name="CheckworkSpaceLabel" time="0.0">
    <skipped/>
  </testcase> <!-- CheckworkSpaceLabel -->
</testsuite> <!-- FireFox -->
