<?xml version="1.0" encoding="UTF-8"?>
<!-- Generated by org.testng.reporters.JUnitXMLReporter -->
<testsuite ignored="0" hostname="SuRaj" failures="2" tests="2" name="FirefoxTest" time="22.305" errors="0" timestamp="2023-01-20T10:58:26 IST">
  <testcase classname="test.GetDataFromExcel" name="CheckLogin" time="0.401">
    <failure type="java.lang.IllegalArgumentException" message="Keys to send should be a not null CharSequence">
      <![CDATA[java.lang.IllegalArgumentException: Keys to send should be a not null CharSequence
at org.openqa.selenium.remote.RemoteWebElement.sendKeys(RemoteWebElement.java:98)
at test.GetDataFromExcel.CheckLogin(GetDataFromExcel.java:18)
at java.base/java.util.concurrent.ThreadPoolExecutor.runWorker(ThreadPoolExecutor.java:1136)
at java.base/java.util.concurrent.ThreadPoolExecutor$Worker.run(ThreadPoolExecutor.java:635)
at java.base/java.lang.Thread.run(Thread.java:833)
... Removed 10 stack frames]]>
    </failure>
  </testcase> <!-- CheckLogin -->
  <testcase classname="test.GetDataFromExcel" name="CheckLogin" time="0.333">
    <failure type="java.lang.IllegalArgumentException" message="Keys to send should be a not null CharSequence">
      <![CDATA[java.lang.IllegalArgumentException: Keys to send should be a not null CharSequence
at org.openqa.selenium.remote.RemoteWebElement.sendKeys(RemoteWebElement.java:98)
at test.GetDataFromExcel.CheckLogin(GetDataFromExcel.java:18)
at java.base/java.util.concurrent.ThreadPoolExecutor.runWorker(ThreadPoolExecutor.java:1136)
at java.base/java.util.concurrent.ThreadPoolExecutor$Worker.run(ThreadPoolExecutor.java:635)
at java.base/java.lang.Thread.run(Thread.java:833)
... Removed 10 stack frames]]>
    </failure>
  </testcase> <!-- CheckLogin -->
</testsuite> <!-- FirefoxTest -->
