<?xml version="1.0" encoding="UTF-8"?>
<testng-results ignored="0" total="1" passed="1" failed="0" skipped="0">
  <reporter-output>
  </reporter-output>
  <suite started-at="2023-01-29T11:04:54 IST" name="Suite" finished-at="2023-01-29T11:05:04 IST" duration-ms="9646">
    <groups>
    </groups>
    <test started-at="2023-01-29T11:04:54 IST" name="Test" finished-at="2023-01-29T11:05:04 IST" duration-ms="9646">
      <class name="test.LoginPage_Test">
        <test-method is-config="true" signature="setUp(java.lang.String)[pri:0, instance:test.LoginPage_Test@47faa49c]" started-at="2023-01-29T11:04:54 IST" name="setUp" finished-at="2023-01-29T11:05:02 IST" duration-ms="7204" status="PASS">
          <params>
            <param index="0">
              <value>
                <![CDATA[chrome]]>
              </value>
            </param>
          </params>
          <reporter-output>
          </reporter-output>
        </test-method> <!-- setUp -->
        <test-method signature="checkLoginPage()[pri:0, instance:test.LoginPage_Test@47faa49c]" started-at="2023-01-29T11:05:02 IST" name="checkLoginPage" finished-at="2023-01-29T11:05:02 IST" duration-ms="215" status="PASS">
          <reporter-output>
          </reporter-output>
        </test-method> <!-- checkLoginPage -->
        <test-method is-config="true" signature="tearDown()[pri:0, instance:test.LoginPage_Test@47faa49c]" started-at="2023-01-29T11:05:02 IST" name="tearDown" finished-at="2023-01-29T11:05:04 IST" duration-ms="2179" status="PASS">
          <reporter-output>
          </reporter-output>
        </test-method> <!-- tearDown -->
      </class> <!-- test.LoginPage_Test -->
    </test> <!-- Test -->
  </suite> <!-- Suite -->
</testng-results>
